module.js:557
    throw err;
    ^

Error: Cannot find module './translations.js'
    at Function.Module._resolveFilename (module.js:555:15)
    at Function.Module._load (module.js:482:25)
    at Module.require (module.js:604:17)
    at require (internal/module.js:11:18)
    at Object.<anonymous> (/home/ubuntu/cyber/node/app.js:4:20)
    at Module._compile (module.js:660:30)
    at Object.Module._extensions..js (module.js:671:10)
    at Module.load (module.js:573:32)
    at tryModuleLoad (module.js:513:12)
    at Function.Module._load (module.js:505:3)
module.js:557
    throw err;
    ^

Error: Cannot find module './translations.js'
    at Function.Module._resolveFilename (module.js:555:15)
    at Function.Module._load (module.js:482:25)
    at Module.require (module.js:604:17)
    at require (internal/module.js:11:18)
    at Object.<anonymous> (/home/ubuntu/cyber/node/app.js:4:20)
    at Module._compile (module.js:660:30)
    at Object.Module._extensions..js (module.js:671:10)
    at Module.load (module.js:573:32)
    at tryModuleLoad (module.js:513:12)
    at Function.Module._load (module.js:505:3)
module.js:557
    throw err;
    ^

Error: Cannot find module './translations.js'
    at Function.Module._resolveFilename (module.js:555:15)
    at Function.Module._load (module.js:482:25)
    at Module.require (module.js:604:17)
    at require (internal/module.js:11:18)
    at Object.<anonymous> (/home/ubuntu/cyber/node/app.js:4:20)
    at Module._compile (module.js:660:30)
    at Object.Module._extensions..js (module.js:671:10)
    at Module.load (module.js:573:32)
    at tryModuleLoad (module.js:513:12)
    at Function.Module._load (module.js:505:3)
module.js:557
    throw err;
    ^

Error: Cannot find module './translations.js'
    at Function.Module._resolveFilename (module.js:555:15)
    at Function.Module._load (module.js:482:25)
    at Module.require (module.js:604:17)
    at require (internal/module.js:11:18)
    at Object.<anonymous> (/home/ubuntu/cyber/node/app.js:4:20)
    at Module._compile (module.js:660:30)
    at Object.Module._extensions..js (module.js:671:10)
    at Module.load (module.js:573:32)
    at tryModuleLoad (module.js:513:12)
    at Function.Module._load (module.js:505:3)
module.js:557
    throw err;
    ^

Error: Cannot find module './translations.js'
    at Function.Module._resolveFilename (module.js:555:15)
    at Function.Module._load (module.js:482:25)
    at Module.require (module.js:604:17)
    at require (internal/module.js:11:18)
    at Object.<anonymous> (/home/ubuntu/cyber/node/app.js:4:20)
    at Module._compile (module.js:660:30)
    at Object.Module._extensions..js (module.js:671:10)
    at Module.load (module.js:573:32)
    at tryModuleLoad (module.js:513:12)
    at Function.Module._load (module.js:505:3)
events.js:137
      throw er; // Unhandled 'error' event
      ^

Error: listen EACCES 0.0.0.0:80
    at Object._errnoException (util.js:1003:13)
    at _exceptionWithHostPort (util.js:1024:20)
    at Server.setupListenHandle [as _listen2] (net.js:1350:19)
    at listenInCluster (net.js:1408:12)
    at Server.listen (net.js:1496:7)
    at Function.app.listen (/home/ubuntu/cyber/node/node_modules/express/lib/application.js:548:24)
    at Object.<anonymous> (/home/ubuntu/cyber/node/app.js:917:6)
    at Module._compile (module.js:660:30)
    at Object.Module._extensions..js (module.js:671:10)
    at Module.load (module.js:573:32)
events.js:137
      throw er; // Unhandled 'error' event
      ^

Error: listen EADDRINUSE :::80
    at Object._errnoException (util.js:1003:13)
    at _exceptionWithHostPort (util.js:1024:20)
    at Server.setupListenHandle [as _listen2] (net.js:1367:14)
    at listenInCluster (net.js:1408:12)
    at Server.listen (net.js:1496:7)
    at Function.app.listen (/home/ubuntu/cyber/node/node_modules/express/lib/application.js:548:24)
    at Object.<anonymous> (/home/ubuntu/cyber/node/app.js:917:6)
    at Module._compile (module.js:660:30)
    at Object.Module._extensions..js (module.js:671:10)
    at Module.load (module.js:573:32)
events.js:137
      throw er; // Unhandled 'error' event
      ^

Error: listen EADDRINUSE :::80
    at Object._errnoException (util.js:1003:13)
    at _exceptionWithHostPort (util.js:1024:20)
    at Server.setupListenHandle [as _listen2] (net.js:1367:14)
    at listenInCluster (net.js:1408:12)
    at Server.listen (net.js:1496:7)
    at Function.app.listen (/home/ubuntu/cyber/node/node_modules/express/lib/application.js:548:24)
    at Object.<anonymous> (/home/ubuntu/cyber/node/app.js:916:6)
    at Module._compile (module.js:660:30)
    at Object.Module._extensions..js (module.js:671:10)
    at Module.load (module.js:573:32)
